22-Feb-2019 08:36:58.901 信息 [main] org.apache.catalina.startup.VersionLoggerListener.log Server version:        Apache Tomcat/8.5.11
22-Feb-2019 08:36:58.902 信息 [main] org.apache.catalina.startup.VersionLoggerListener.log Server built:          Jan 10 2017 21:02:52 UTC
22-Feb-2019 08:36:58.902 信息 [main] org.apache.catalina.startup.VersionLoggerListener.log Server number:         8.5.11.0
22-Feb-2019 08:36:58.903 信息 [main] org.apache.catalina.startup.VersionLoggerListener.log OS Name:               Windows 10
22-Feb-2019 08:36:58.903 信息 [main] org.apache.catalina.startup.VersionLoggerListener.log OS Version:            10.0
22-Feb-2019 08:36:58.903 信息 [main] org.apache.catalina.startup.VersionLoggerListener.log Architecture:          amd64
22-Feb-2019 08:36:58.903 信息 [main] org.apache.catalina.startup.VersionLoggerListener.log Java Home:             E:\github\Project\智慧校园\微官网\yunjianzan1\jre
22-Feb-2019 08:36:58.903 信息 [main] org.apache.catalina.startup.VersionLoggerListener.log JVM Version:           1.8.0_131-b11
22-Feb-2019 08:36:58.903 信息 [main] org.apache.catalina.startup.VersionLoggerListener.log JVM Vendor:            Oracle Corporation
22-Feb-2019 08:36:58.903 信息 [main] org.apache.catalina.startup.VersionLoggerListener.log CATALINA_BASE:         E:\github\Project\智慧校园\微官网\yunjianzan1\Tomcat8.5
22-Feb-2019 08:36:58.903 信息 [main] org.apache.catalina.startup.VersionLoggerListener.log CATALINA_HOME:         E:\github\Project\智慧校园\微官网\yunjianzan1\Tomcat8.5
22-Feb-2019 08:36:58.903 信息 [main] org.apache.catalina.startup.VersionLoggerListener.log Command line argument: -Djava.util.logging.config.file=E:\github\Project\智慧校园\微官网\yunjianzan1\Tomcat8.5\conf\logging.properties
22-Feb-2019 08:36:58.904 信息 [main] org.apache.catalina.startup.VersionLoggerListener.log Command line argument: -Djava.util.logging.manager=org.apache.juli.ClassLoaderLogManager
22-Feb-2019 08:36:58.904 信息 [main] org.apache.catalina.startup.VersionLoggerListener.log Command line argument: -Djdk.tls.ephemeralDHKeySize=2048
22-Feb-2019 08:36:58.904 信息 [main] org.apache.catalina.startup.VersionLoggerListener.log Command line argument: -Djava.protocol.handler.pkgs=org.apache.catalina.webresources
22-Feb-2019 08:36:58.904 信息 [main] org.apache.catalina.startup.VersionLoggerListener.log Command line argument: -Dcatalina.base=E:\github\Project\智慧校园\微官网\yunjianzan1\Tomcat8.5
22-Feb-2019 08:36:58.904 信息 [main] org.apache.catalina.startup.VersionLoggerListener.log Command line argument: -Dcatalina.home=E:\github\Project\智慧校园\微官网\yunjianzan1\Tomcat8.5
22-Feb-2019 08:36:58.905 信息 [main] org.apache.catalina.startup.VersionLoggerListener.log Command line argument: -Djava.io.tmpdir=E:\github\Project\智慧校园\微官网\yunjianzan1\Tomcat8.5\temp
22-Feb-2019 08:36:58.905 信息 [main] org.apache.catalina.core.AprLifecycleListener.lifecycleEvent The APR based Apache Tomcat Native library which allows optimal performance in production environments was not found on the java.library.path: E:\github\Project\智慧校园\微官网\yunjianzan1\jre\bin;C:\Windows\Sun\Java\bin;C:\Windows\system32;C:\Windows;C:\Program Files (x86)\Common Files\Oracle\Java\javapath;C:\Windows\system32;C:\Windows;C:\Windows\System32\Wbem;C:\Windows\System32\WindowsPowerShell\v1.0\;C:\Program Files (x86)\NVIDIA Corporation\PhysX\Common;C:\Program Files\NVIDIA Corporation\NVIDIA NvDLISR;D:\aznode\;D:\azwj\azgit\Git\cmd;D:\azwj\aztorgit\bin;C:\Program Files\MySQL\MySQL Server 5.1\bin;C:\Program Files\Java\jdk1.8.0_201\bin;C:\Program Files\Java\jdk1.8.0_201\jre\bin;D:\azmvn\apache-maven-3.3.9\bin;D:\azmvn\apache-maven-3.3.9\bin;%CATALINA_HOME%\lib;%CATALINA_HOME%\bin;D:\azgit\Git\cmd;D:\aztorgit\bin;C:\Users\Administrator\AppData\Local\Microsoft\WindowsApps;D:\azvscode\Microsoft VS Code\bin;C:\Users\Administrator\AppData\Roaming\npm;C:\Program Files\Java\jdk1.8.0_201\jre\bin;C:\Program Files\Java\jdk1.8.0_201\bin;D:\azmvn\apache-maven-3.3.9\bin;C:\Users\Administrator\AppData\Local\GitHubDesktop\bin;.
22-Feb-2019 08:36:59.637 信息 [main] org.apache.coyote.AbstractProtocol.init Initializing ProtocolHandler ["http-nio-80"]
22-Feb-2019 08:36:59.734 信息 [main] org.apache.tomcat.util.net.NioSelectorPool.getSharedSelector Using a shared selector for servlet write/read
22-Feb-2019 08:36:59.735 信息 [main] org.apache.coyote.AbstractProtocol.init Initializing ProtocolHandler ["ajp-nio-8009"]
22-Feb-2019 08:36:59.737 信息 [main] org.apache.tomcat.util.net.NioSelectorPool.getSharedSelector Using a shared selector for servlet write/read
22-Feb-2019 08:36:59.737 信息 [main] org.apache.catalina.startup.Catalina.load Initialization processed in 1084 ms
22-Feb-2019 08:36:59.752 信息 [main] org.apache.catalina.core.StandardService.startInternal Starting service Catalina
22-Feb-2019 08:36:59.752 信息 [main] org.apache.catalina.core.StandardEngine.startInternal Starting Servlet Engine: Apache Tomcat/8.5.11
22-Feb-2019 08:36:59.998 信息 [localhost-startStop-1] org.apache.catalina.startup.HostConfig.deployDirectory Deploying web application directory E:\github\Project\智慧校园\微官网\yunjianzan1\Tomcat8.5\webapps\ROOT
22-Feb-2019 08:38:08.104 信息 [localhost-startStop-1] org.apache.jasper.servlet.TldScanner.scanJars At least one JAR was scanned for TLDs yet contained no TLDs. Enable debug logging for this logger for a complete list of JARs that were scanned but no TLDs were found in them. Skipping unneeded JARs during scanning can improve startup time and JSP compilation time.
22-Feb-2019 08:39:23.213 信息 [localhost-startStop-1] org.apache.catalina.startup.HostConfig.deployDirectory Deployment of web application directory E:\github\Project\智慧校园\微官网\yunjianzan1\Tomcat8.5\webapps\ROOT has finished in 143,215 ms
22-Feb-2019 08:39:23.215 信息 [main] org.apache.coyote.AbstractProtocol.start Starting ProtocolHandler [http-nio-80]
22-Feb-2019 08:39:23.234 信息 [main] org.apache.coyote.AbstractProtocol.start Starting ProtocolHandler [ajp-nio-8009]
22-Feb-2019 08:39:23.236 信息 [main] org.apache.catalina.startup.Catalina.start Server startup in 143498 ms
22-Feb-2019 15:39:35.354 信息 [main] org.apache.catalina.startup.VersionLoggerListener.log Server version:        Apache Tomcat/8.5.11
22-Feb-2019 15:39:35.356 信息 [main] org.apache.catalina.startup.VersionLoggerListener.log Server built:          Jan 10 2017 21:02:52 UTC
22-Feb-2019 15:39:35.356 信息 [main] org.apache.catalina.startup.VersionLoggerListener.log Server number:         8.5.11.0
22-Feb-2019 15:39:35.356 信息 [main] org.apache.catalina.startup.VersionLoggerListener.log OS Name:               Windows 10
22-Feb-2019 15:39:35.357 信息 [main] org.apache.catalina.startup.VersionLoggerListener.log OS Version:            10.0
22-Feb-2019 15:39:35.357 信息 [main] org.apache.catalina.startup.VersionLoggerListener.log Architecture:          amd64
22-Feb-2019 15:39:35.357 信息 [main] org.apache.catalina.startup.VersionLoggerListener.log Java Home:             E:\github\Project\智慧校园\微官网\yunjianzan1\jre
22-Feb-2019 15:39:35.358 信息 [main] org.apache.catalina.startup.VersionLoggerListener.log JVM Version:           1.8.0_131-b11
22-Feb-2019 15:39:35.358 信息 [main] org.apache.catalina.startup.VersionLoggerListener.log JVM Vendor:            Oracle Corporation
22-Feb-2019 15:39:35.358 信息 [main] org.apache.catalina.startup.VersionLoggerListener.log CATALINA_BASE:         E:\github\Project\智慧校园\微官网\yunjianzan1\Tomcat8.5
22-Feb-2019 15:39:35.359 信息 [main] org.apache.catalina.startup.VersionLoggerListener.log CATALINA_HOME:         E:\github\Project\智慧校园\微官网\yunjianzan1\Tomcat8.5
22-Feb-2019 15:39:35.360 信息 [main] org.apache.catalina.startup.VersionLoggerListener.log Command line argument: -Djava.util.logging.config.file=E:\github\Project\智慧校园\微官网\yunjianzan1\Tomcat8.5\conf\logging.properties
22-Feb-2019 15:39:35.361 信息 [main] org.apache.catalina.startup.VersionLoggerListener.log Command line argument: -Djava.util.logging.manager=org.apache.juli.ClassLoaderLogManager
22-Feb-2019 15:39:35.361 信息 [main] org.apache.catalina.startup.VersionLoggerListener.log Command line argument: -Djdk.tls.ephemeralDHKeySize=2048
22-Feb-2019 15:39:35.361 信息 [main] org.apache.catalina.startup.VersionLoggerListener.log Command line argument: -Djava.protocol.handler.pkgs=org.apache.catalina.webresources
22-Feb-2019 15:39:35.362 信息 [main] org.apache.catalina.startup.VersionLoggerListener.log Command line argument: -Dcatalina.base=E:\github\Project\智慧校园\微官网\yunjianzan1\Tomcat8.5
22-Feb-2019 15:39:35.362 信息 [main] org.apache.catalina.startup.VersionLoggerListener.log Command line argument: -Dcatalina.home=E:\github\Project\智慧校园\微官网\yunjianzan1\Tomcat8.5
22-Feb-2019 15:39:35.365 信息 [main] org.apache.catalina.startup.VersionLoggerListener.log Command line argument: -Djava.io.tmpdir=E:\github\Project\智慧校园\微官网\yunjianzan1\Tomcat8.5\temp
22-Feb-2019 15:39:35.367 信息 [main] org.apache.catalina.core.AprLifecycleListener.lifecycleEvent The APR based Apache Tomcat Native library which allows optimal performance in production environments was not found on the java.library.path: E:\github\Project\智慧校园\微官网\yunjianzan1\jre\bin;C:\Windows\Sun\Java\bin;C:\Windows\system32;C:\Windows;C:\Program Files (x86)\Common Files\Oracle\Java\javapath;C:\Windows\system32;C:\Windows;C:\Windows\System32\Wbem;C:\Windows\System32\WindowsPowerShell\v1.0\;C:\Program Files (x86)\NVIDIA Corporation\PhysX\Common;C:\Program Files\NVIDIA Corporation\NVIDIA NvDLISR;D:\aznode\;D:\azwj\azgit\Git\cmd;D:\azwj\aztorgit\bin;C:\Program Files\MySQL\MySQL Server 5.1\bin;C:\Program Files\Java\jdk1.8.0_201\bin;C:\Program Files\Java\jdk1.8.0_201\jre\bin;D:\azmvn\apache-maven-3.3.9\bin;D:\azmvn\apache-maven-3.3.9\bin;%CATALINA_HOME%\lib;%CATALINA_HOME%\bin;D:\azgit\Git\cmd;D:\aztorgit\bin;C:\Users\Administrator\AppData\Local\Microsoft\WindowsApps;D:\azvscode\Microsoft VS Code\bin;C:\Users\Administrator\AppData\Roaming\npm;C:\Program Files\Java\jdk1.8.0_201\jre\bin;C:\Program Files\Java\jdk1.8.0_201\bin;D:\azmvn\apache-maven-3.3.9\bin;C:\Users\Administrator\AppData\Local\GitHubDesktop\bin;.
22-Feb-2019 15:39:35.441 信息 [main] org.apache.coyote.AbstractProtocol.init Initializing ProtocolHandler ["http-nio-80"]
22-Feb-2019 15:39:35.541 信息 [main] org.apache.tomcat.util.net.NioSelectorPool.getSharedSelector Using a shared selector for servlet write/read
22-Feb-2019 15:39:35.543 信息 [main] org.apache.coyote.AbstractProtocol.init Initializing ProtocolHandler ["ajp-nio-8009"]
22-Feb-2019 15:39:35.547 信息 [main] org.apache.tomcat.util.net.NioSelectorPool.getSharedSelector Using a shared selector for servlet write/read
22-Feb-2019 15:39:35.547 信息 [main] org.apache.catalina.startup.Catalina.load Initialization processed in 394 ms
22-Feb-2019 15:39:35.564 信息 [main] org.apache.catalina.core.StandardService.startInternal Starting service Catalina
22-Feb-2019 15:39:35.564 信息 [main] org.apache.catalina.core.StandardEngine.startInternal Starting Servlet Engine: Apache Tomcat/8.5.11
22-Feb-2019 15:39:35.576 信息 [localhost-startStop-1] org.apache.catalina.startup.HostConfig.deployDirectory Deploying web application directory E:\github\Project\智慧校园\微官网\yunjianzan1\Tomcat8.5\webapps\ROOT
22-Feb-2019 15:39:38.377 信息 [localhost-startStop-1] org.apache.jasper.servlet.TldScanner.scanJars At least one JAR was scanned for TLDs yet contained no TLDs. Enable debug logging for this logger for a complete list of JARs that were scanned but no TLDs were found in them. Skipping unneeded JARs during scanning can improve startup time and JSP compilation time.
22-Feb-2019 15:39:50.511 信息 [localhost-startStop-1] org.apache.catalina.startup.HostConfig.deployDirectory Deployment of web application directory E:\github\Project\智慧校园\微官网\yunjianzan1\Tomcat8.5\webapps\ROOT has finished in 14,934 ms
22-Feb-2019 15:39:50.515 信息 [main] org.apache.coyote.AbstractProtocol.start Starting ProtocolHandler [http-nio-80]
22-Feb-2019 15:39:50.521 信息 [main] org.apache.coyote.AbstractProtocol.start Starting ProtocolHandler [ajp-nio-8009]
22-Feb-2019 15:39:50.523 信息 [main] org.apache.catalina.startup.Catalina.start Server startup in 14974 ms
