18-Feb-2019 11:17:47.935 信息 [main] org.apache.catalina.startup.VersionLoggerListener.log Server version:        Apache Tomcat/8.5.11
18-Feb-2019 11:17:48.835 信息 [main] org.apache.catalina.startup.VersionLoggerListener.log Server built:          Jan 10 2017 21:02:52 UTC
18-Feb-2019 11:17:48.835 信息 [main] org.apache.catalina.startup.VersionLoggerListener.log Server number:         8.5.11.0
18-Feb-2019 11:17:48.835 信息 [main] org.apache.catalina.startup.VersionLoggerListener.log OS Name:               Windows 10
18-Feb-2019 11:17:48.835 信息 [main] org.apache.catalina.startup.VersionLoggerListener.log OS Version:            10.0
18-Feb-2019 11:17:48.835 信息 [main] org.apache.catalina.startup.VersionLoggerListener.log Architecture:          amd64
18-Feb-2019 11:17:48.835 信息 [main] org.apache.catalina.startup.VersionLoggerListener.log Java Home:             E:\Work\yunjianzan\jre
18-Feb-2019 11:17:48.835 信息 [main] org.apache.catalina.startup.VersionLoggerListener.log JVM Version:           1.8.0_131-b11
18-Feb-2019 11:17:48.835 信息 [main] org.apache.catalina.startup.VersionLoggerListener.log JVM Vendor:            Oracle Corporation
18-Feb-2019 11:17:48.835 信息 [main] org.apache.catalina.startup.VersionLoggerListener.log CATALINA_BASE:         E:\Work\yunjianzan\Tomcat8.5
18-Feb-2019 11:17:48.835 信息 [main] org.apache.catalina.startup.VersionLoggerListener.log CATALINA_HOME:         E:\Work\yunjianzan\Tomcat8.5
18-Feb-2019 11:17:48.835 信息 [main] org.apache.catalina.startup.VersionLoggerListener.log Command line argument: -Djava.util.logging.config.file=E:\Work\yunjianzan\Tomcat8.5\conf\logging.properties
18-Feb-2019 11:17:48.835 信息 [main] org.apache.catalina.startup.VersionLoggerListener.log Command line argument: -Djava.util.logging.manager=org.apache.juli.ClassLoaderLogManager
18-Feb-2019 11:17:48.835 信息 [main] org.apache.catalina.startup.VersionLoggerListener.log Command line argument: -Djdk.tls.ephemeralDHKeySize=2048
18-Feb-2019 11:17:48.835 信息 [main] org.apache.catalina.startup.VersionLoggerListener.log Command line argument: -Djava.protocol.handler.pkgs=org.apache.catalina.webresources
18-Feb-2019 11:17:48.835 信息 [main] org.apache.catalina.startup.VersionLoggerListener.log Command line argument: -Dcatalina.base=E:\Work\yunjianzan\Tomcat8.5
18-Feb-2019 11:17:48.835 信息 [main] org.apache.catalina.startup.VersionLoggerListener.log Command line argument: -Dcatalina.home=E:\Work\yunjianzan\Tomcat8.5
18-Feb-2019 11:17:48.835 信息 [main] org.apache.catalina.startup.VersionLoggerListener.log Command line argument: -Djava.io.tmpdir=E:\Work\yunjianzan\Tomcat8.5\temp
18-Feb-2019 11:17:48.835 信息 [main] org.apache.catalina.core.AprLifecycleListener.lifecycleEvent The APR based Apache Tomcat Native library which allows optimal performance in production environments was not found on the java.library.path: E:\Work\yunjianzan\jre\bin;C:\Windows\Sun\Java\bin;C:\Windows\system32;C:\Windows;C:\Program Files (x86)\Common Files\Oracle\Java\javapath;C:\Windows\system32;C:\Windows;C:\Windows\System32\Wbem;C:\Windows\System32\WindowsPowerShell\v1.0\;C:\Program Files (x86)\NVIDIA Corporation\PhysX\Common;C:\Program Files\NVIDIA Corporation\NVIDIA NvDLISR;D:\aznode\;D:\azwj\azgit\Git\cmd;D:\azwj\aztorgit\bin;C:\Program Files\MySQL\MySQL Server 5.1\bin;C:\Program Files\Java\jdk1.8.0_201\bin;C:\Program Files\Java\jdk1.8.0_201\jre\bin;D:\azmvn\apache-maven-3.3.9\bin;D:\azmvn\apache-maven-3.3.9\bin;%CATALINA_HOME%\lib;%CATALINA_HOME%\bin;D:\azgit\Git\cmd;D:\aztorgit\bin;C:\Users\Administrator\AppData\Local\Microsoft\WindowsApps;D:\azvscode\Microsoft VS Code\bin;C:\Users\Administrator\AppData\Roaming\npm;C:\Users\Administrator\AppData\Local\GitHubDesktop\bin;.
18-Feb-2019 11:17:54.849 信息 [main] org.apache.coyote.AbstractProtocol.init Initializing ProtocolHandler ["http-nio-80"]
18-Feb-2019 11:17:58.034 信息 [main] org.apache.tomcat.util.net.NioSelectorPool.getSharedSelector Using a shared selector for servlet write/read
18-Feb-2019 11:17:58.086 信息 [main] org.apache.coyote.AbstractProtocol.init Initializing ProtocolHandler ["ajp-nio-8009"]
18-Feb-2019 11:17:58.086 信息 [main] org.apache.tomcat.util.net.NioSelectorPool.getSharedSelector Using a shared selector for servlet write/read
18-Feb-2019 11:17:58.086 信息 [main] org.apache.catalina.startup.Catalina.load Initialization processed in 21384 ms
18-Feb-2019 11:17:59.145 信息 [main] org.apache.catalina.core.StandardService.startInternal Starting service Catalina
18-Feb-2019 11:17:59.145 信息 [main] org.apache.catalina.core.StandardEngine.startInternal Starting Servlet Engine: Apache Tomcat/8.5.11
18-Feb-2019 11:17:59.215 信息 [localhost-startStop-1] org.apache.catalina.startup.HostConfig.deployDirectory Deploying web application directory E:\Work\yunjianzan\Tomcat8.5\webapps\ROOT
18-Feb-2019 11:19:01.785 信息 [main] org.apache.catalina.startup.VersionLoggerListener.log Server version:        Apache Tomcat/8.5.11
18-Feb-2019 11:19:01.785 信息 [main] org.apache.catalina.startup.VersionLoggerListener.log Server built:          Jan 10 2017 21:02:52 UTC
18-Feb-2019 11:19:01.785 信息 [main] org.apache.catalina.startup.VersionLoggerListener.log Server number:         8.5.11.0
18-Feb-2019 11:19:01.785 信息 [main] org.apache.catalina.startup.VersionLoggerListener.log OS Name:               Windows 10
18-Feb-2019 11:19:01.785 信息 [main] org.apache.catalina.startup.VersionLoggerListener.log OS Version:            10.0
18-Feb-2019 11:19:01.785 信息 [main] org.apache.catalina.startup.VersionLoggerListener.log Architecture:          amd64
18-Feb-2019 11:19:01.785 信息 [main] org.apache.catalina.startup.VersionLoggerListener.log Java Home:             E:\Work\yunjianzan\jre
18-Feb-2019 11:19:01.785 信息 [main] org.apache.catalina.startup.VersionLoggerListener.log JVM Version:           1.8.0_131-b11
18-Feb-2019 11:19:01.785 信息 [main] org.apache.catalina.startup.VersionLoggerListener.log JVM Vendor:            Oracle Corporation
18-Feb-2019 11:19:01.785 信息 [main] org.apache.catalina.startup.VersionLoggerListener.log CATALINA_BASE:         E:\Work\yunjianzan\Tomcat8.5
18-Feb-2019 11:19:01.785 信息 [main] org.apache.catalina.startup.VersionLoggerListener.log CATALINA_HOME:         E:\Work\yunjianzan\Tomcat8.5
18-Feb-2019 11:19:01.785 信息 [main] org.apache.catalina.startup.VersionLoggerListener.log Command line argument: -Djava.util.logging.config.file=E:\Work\yunjianzan\Tomcat8.5\conf\logging.properties
18-Feb-2019 11:19:01.785 信息 [main] org.apache.catalina.startup.VersionLoggerListener.log Command line argument: -Djava.util.logging.manager=org.apache.juli.ClassLoaderLogManager
18-Feb-2019 11:19:01.785 信息 [main] org.apache.catalina.startup.VersionLoggerListener.log Command line argument: -Djdk.tls.ephemeralDHKeySize=2048
18-Feb-2019 11:19:01.785 信息 [main] org.apache.catalina.startup.VersionLoggerListener.log Command line argument: -Djava.protocol.handler.pkgs=org.apache.catalina.webresources
18-Feb-2019 11:19:01.785 信息 [main] org.apache.catalina.startup.VersionLoggerListener.log Command line argument: -Dcatalina.base=E:\Work\yunjianzan\Tomcat8.5
18-Feb-2019 11:19:01.785 信息 [main] org.apache.catalina.startup.VersionLoggerListener.log Command line argument: -Dcatalina.home=E:\Work\yunjianzan\Tomcat8.5
18-Feb-2019 11:19:01.785 信息 [main] org.apache.catalina.startup.VersionLoggerListener.log Command line argument: -Djava.io.tmpdir=E:\Work\yunjianzan\Tomcat8.5\temp
18-Feb-2019 11:19:01.785 信息 [main] org.apache.catalina.core.AprLifecycleListener.lifecycleEvent The APR based Apache Tomcat Native library which allows optimal performance in production environments was not found on the java.library.path: E:\Work\yunjianzan\jre\bin;C:\Windows\Sun\Java\bin;C:\Windows\system32;C:\Windows;C:\Program Files (x86)\Common Files\Oracle\Java\javapath;C:\Windows\system32;C:\Windows;C:\Windows\System32\Wbem;C:\Windows\System32\WindowsPowerShell\v1.0\;C:\Program Files (x86)\NVIDIA Corporation\PhysX\Common;C:\Program Files\NVIDIA Corporation\NVIDIA NvDLISR;D:\aznode\;D:\azwj\azgit\Git\cmd;D:\azwj\aztorgit\bin;C:\Program Files\MySQL\MySQL Server 5.1\bin;C:\Program Files\Java\jdk1.8.0_201\bin;C:\Program Files\Java\jdk1.8.0_201\jre\bin;D:\azmvn\apache-maven-3.3.9\bin;D:\azmvn\apache-maven-3.3.9\bin;%CATALINA_HOME%\lib;%CATALINA_HOME%\bin;D:\azgit\Git\cmd;D:\aztorgit\bin;C:\Users\Administrator\AppData\Local\Microsoft\WindowsApps;D:\azvscode\Microsoft VS Code\bin;C:\Users\Administrator\AppData\Roaming\npm;C:\Users\Administrator\AppData\Local\GitHubDesktop\bin;.
18-Feb-2019 11:19:01.855 信息 [main] org.apache.coyote.AbstractProtocol.init Initializing ProtocolHandler ["http-nio-80"]
18-Feb-2019 11:19:01.964 信息 [main] org.apache.tomcat.util.net.NioSelectorPool.getSharedSelector Using a shared selector for servlet write/read
18-Feb-2019 11:19:01.964 信息 [main] org.apache.coyote.AbstractProtocol.init Initializing ProtocolHandler ["ajp-nio-8009"]
18-Feb-2019 11:19:01.964 信息 [main] org.apache.tomcat.util.net.NioSelectorPool.getSharedSelector Using a shared selector for servlet write/read
18-Feb-2019 11:19:01.964 信息 [main] org.apache.catalina.startup.Catalina.load Initialization processed in 375 ms
18-Feb-2019 11:19:01.984 信息 [main] org.apache.catalina.core.StandardService.startInternal Starting service Catalina
18-Feb-2019 11:19:01.984 信息 [main] org.apache.catalina.core.StandardEngine.startInternal Starting Servlet Engine: Apache Tomcat/8.5.11
18-Feb-2019 11:19:01.994 信息 [localhost-startStop-1] org.apache.catalina.startup.HostConfig.deployDirectory Deploying web application directory E:\Work\yunjianzan\Tomcat8.5\webapps\ROOT
18-Feb-2019 11:19:21.345 信息 [localhost-startStop-1] org.apache.jasper.servlet.TldScanner.scanJars At least one JAR was scanned for TLDs yet contained no TLDs. Enable debug logging for this logger for a complete list of JARs that were scanned but no TLDs were found in them. Skipping unneeded JARs during scanning can improve startup time and JSP compilation time.
18-Feb-2019 11:20:24.726 信息 [localhost-startStop-1] org.apache.catalina.startup.HostConfig.deployDirectory Deployment of web application directory E:\Work\yunjianzan\Tomcat8.5\webapps\ROOT has finished in 82,732 ms
18-Feb-2019 11:20:24.736 信息 [main] org.apache.coyote.AbstractProtocol.start Starting ProtocolHandler [http-nio-80]
18-Feb-2019 11:20:24.736 信息 [main] org.apache.coyote.AbstractProtocol.start Starting ProtocolHandler [ajp-nio-8009]
18-Feb-2019 11:20:24.736 信息 [main] org.apache.catalina.startup.Catalina.start Server startup in 82770 ms
18-Feb-2019 11:20:34.745 信息 [ContainerBackgroundProcessor[StandardEngine[Catalina]]] org.apache.catalina.webresources.Cache.backgroundProcess The background cache eviction process was unable to free [10] percent of the cache for Context [] - consider increasing the maximum size of the cache. After eviction approximately [9,929] KB of data remained in the cache.
18-Feb-2019 11:20:44.754 信息 [ContainerBackgroundProcessor[StandardEngine[Catalina]]] org.apache.catalina.webresources.Cache.backgroundProcess The background cache eviction process was unable to free [10] percent of the cache for Context [] - consider increasing the maximum size of the cache. After eviction approximately [9,766] KB of data remained in the cache.
18-Feb-2019 12:32:11.251 信息 [main] org.apache.catalina.startup.VersionLoggerListener.log Server version:        Apache Tomcat/8.5.11
18-Feb-2019 12:32:11.253 信息 [main] org.apache.catalina.startup.VersionLoggerListener.log Server built:          Jan 10 2017 21:02:52 UTC
18-Feb-2019 12:32:11.253 信息 [main] org.apache.catalina.startup.VersionLoggerListener.log Server number:         8.5.11.0
18-Feb-2019 12:32:11.254 信息 [main] org.apache.catalina.startup.VersionLoggerListener.log OS Name:               Windows 10
18-Feb-2019 12:32:11.254 信息 [main] org.apache.catalina.startup.VersionLoggerListener.log OS Version:            10.0
18-Feb-2019 12:32:11.254 信息 [main] org.apache.catalina.startup.VersionLoggerListener.log Architecture:          amd64
18-Feb-2019 12:32:11.254 信息 [main] org.apache.catalina.startup.VersionLoggerListener.log Java Home:             E:\Work\yunjianzan\jre
18-Feb-2019 12:32:11.254 信息 [main] org.apache.catalina.startup.VersionLoggerListener.log JVM Version:           1.8.0_131-b11
18-Feb-2019 12:32:11.254 信息 [main] org.apache.catalina.startup.VersionLoggerListener.log JVM Vendor:            Oracle Corporation
18-Feb-2019 12:32:11.254 信息 [main] org.apache.catalina.startup.VersionLoggerListener.log CATALINA_BASE:         E:\Work\yunjianzan\Tomcat8.5
18-Feb-2019 12:32:11.254 信息 [main] org.apache.catalina.startup.VersionLoggerListener.log CATALINA_HOME:         E:\Work\yunjianzan\Tomcat8.5
18-Feb-2019 12:32:11.255 信息 [main] org.apache.catalina.startup.VersionLoggerListener.log Command line argument: -Djava.util.logging.config.file=E:\Work\yunjianzan\Tomcat8.5\conf\logging.properties
18-Feb-2019 12:32:11.255 信息 [main] org.apache.catalina.startup.VersionLoggerListener.log Command line argument: -Djava.util.logging.manager=org.apache.juli.ClassLoaderLogManager
18-Feb-2019 12:32:11.255 信息 [main] org.apache.catalina.startup.VersionLoggerListener.log Command line argument: -Djdk.tls.ephemeralDHKeySize=2048
18-Feb-2019 12:32:11.255 信息 [main] org.apache.catalina.startup.VersionLoggerListener.log Command line argument: -Djava.protocol.handler.pkgs=org.apache.catalina.webresources
18-Feb-2019 12:32:11.255 信息 [main] org.apache.catalina.startup.VersionLoggerListener.log Command line argument: -Dcatalina.base=E:\Work\yunjianzan\Tomcat8.5
18-Feb-2019 12:32:11.255 信息 [main] org.apache.catalina.startup.VersionLoggerListener.log Command line argument: -Dcatalina.home=E:\Work\yunjianzan\Tomcat8.5
18-Feb-2019 12:32:11.256 信息 [main] org.apache.catalina.startup.VersionLoggerListener.log Command line argument: -Djava.io.tmpdir=E:\Work\yunjianzan\Tomcat8.5\temp
18-Feb-2019 12:32:11.258 信息 [main] org.apache.catalina.core.AprLifecycleListener.lifecycleEvent The APR based Apache Tomcat Native library which allows optimal performance in production environments was not found on the java.library.path: E:\Work\yunjianzan\jre\bin;C:\Windows\Sun\Java\bin;C:\Windows\system32;C:\Windows;C:\Program Files (x86)\Common Files\Oracle\Java\javapath;C:\Windows\system32;C:\Windows;C:\Windows\System32\Wbem;C:\Windows\System32\WindowsPowerShell\v1.0\;C:\Program Files (x86)\NVIDIA Corporation\PhysX\Common;C:\Program Files\NVIDIA Corporation\NVIDIA NvDLISR;D:\aznode\;D:\azwj\azgit\Git\cmd;D:\azwj\aztorgit\bin;C:\Program Files\MySQL\MySQL Server 5.1\bin;C:\Program Files\Java\jdk1.8.0_201\bin;C:\Program Files\Java\jdk1.8.0_201\jre\bin;D:\azmvn\apache-maven-3.3.9\bin;D:\azmvn\apache-maven-3.3.9\bin;%CATALINA_HOME%\lib;%CATALINA_HOME%\bin;D:\azgit\Git\cmd;D:\aztorgit\bin;C:\Users\Administrator\AppData\Local\Microsoft\WindowsApps;D:\azvscode\Microsoft VS Code\bin;C:\Users\Administrator\AppData\Roaming\npm;C:\Program Files\Java\jdk1.8.0_201\jre\bin;C:\Program Files\Java\jdk1.8.0_201\bin;D:\azmvn\apache-maven-3.3.9\bin;C:\Users\Administrator\AppData\Local\GitHubDesktop\bin;.
18-Feb-2019 12:32:11.329 信息 [main] org.apache.coyote.AbstractProtocol.init Initializing ProtocolHandler ["http-nio-80"]
18-Feb-2019 12:32:11.616 信息 [main] org.apache.tomcat.util.net.NioSelectorPool.getSharedSelector Using a shared selector for servlet write/read
18-Feb-2019 12:32:11.617 信息 [main] org.apache.coyote.AbstractProtocol.init Initializing ProtocolHandler ["ajp-nio-8009"]
18-Feb-2019 12:32:11.619 信息 [main] org.apache.tomcat.util.net.NioSelectorPool.getSharedSelector Using a shared selector for servlet write/read
18-Feb-2019 12:32:11.619 信息 [main] org.apache.catalina.startup.Catalina.load Initialization processed in 571 ms
18-Feb-2019 12:32:11.635 信息 [main] org.apache.catalina.core.StandardService.startInternal Starting service Catalina
18-Feb-2019 12:32:11.635 信息 [main] org.apache.catalina.core.StandardEngine.startInternal Starting Servlet Engine: Apache Tomcat/8.5.11
18-Feb-2019 12:32:11.666 信息 [localhost-startStop-1] org.apache.catalina.startup.HostConfig.deployDirectory Deploying web application directory E:\Work\yunjianzan\Tomcat8.5\webapps\ROOT
18-Feb-2019 12:32:15.090 信息 [localhost-startStop-1] org.apache.jasper.servlet.TldScanner.scanJars At least one JAR was scanned for TLDs yet contained no TLDs. Enable debug logging for this logger for a complete list of JARs that were scanned but no TLDs were found in them. Skipping unneeded JARs during scanning can improve startup time and JSP compilation time.
18-Feb-2019 12:32:29.730 信息 [localhost-startStop-1] org.apache.catalina.startup.HostConfig.deployDirectory Deployment of web application directory E:\Work\yunjianzan\Tomcat8.5\webapps\ROOT has finished in 18,064 ms
18-Feb-2019 12:32:29.750 信息 [main] org.apache.coyote.AbstractProtocol.start Starting ProtocolHandler [http-nio-80]
18-Feb-2019 12:32:29.750 信息 [main] org.apache.coyote.AbstractProtocol.start Starting ProtocolHandler [ajp-nio-8009]
18-Feb-2019 12:32:29.750 信息 [main] org.apache.catalina.startup.Catalina.start Server startup in 18136 ms
