23-Feb-2019 15:03:39.328 信息 [main] org.apache.catalina.startup.VersionLoggerListener.log Server version:        Apache Tomcat/8.5.11
23-Feb-2019 15:03:39.329 信息 [main] org.apache.catalina.startup.VersionLoggerListener.log Server built:          Jan 10 2017 21:02:52 UTC
23-Feb-2019 15:03:39.329 信息 [main] org.apache.catalina.startup.VersionLoggerListener.log Server number:         8.5.11.0
23-Feb-2019 15:03:39.329 信息 [main] org.apache.catalina.startup.VersionLoggerListener.log OS Name:               Windows 10
23-Feb-2019 15:03:39.330 信息 [main] org.apache.catalina.startup.VersionLoggerListener.log OS Version:            10.0
23-Feb-2019 15:03:39.330 信息 [main] org.apache.catalina.startup.VersionLoggerListener.log Architecture:          amd64
23-Feb-2019 15:03:39.330 信息 [main] org.apache.catalina.startup.VersionLoggerListener.log Java Home:             E:\github\Project\智慧校园\微官网\yunjianzan1\jre
23-Feb-2019 15:03:39.330 信息 [main] org.apache.catalina.startup.VersionLoggerListener.log JVM Version:           1.8.0_131-b11
23-Feb-2019 15:03:39.330 信息 [main] org.apache.catalina.startup.VersionLoggerListener.log JVM Vendor:            Oracle Corporation
23-Feb-2019 15:03:39.330 信息 [main] org.apache.catalina.startup.VersionLoggerListener.log CATALINA_BASE:         E:\github\Project\智慧校园\微官网\yunjianzan1\Tomcat8.5
23-Feb-2019 15:03:39.330 信息 [main] org.apache.catalina.startup.VersionLoggerListener.log CATALINA_HOME:         E:\github\Project\智慧校园\微官网\yunjianzan1\Tomcat8.5
23-Feb-2019 15:03:39.332 信息 [main] org.apache.catalina.startup.VersionLoggerListener.log Command line argument: -Djava.util.logging.config.file=E:\github\Project\智慧校园\微官网\yunjianzan1\Tomcat8.5\conf\logging.properties
23-Feb-2019 15:03:39.332 信息 [main] org.apache.catalina.startup.VersionLoggerListener.log Command line argument: -Djava.util.logging.manager=org.apache.juli.ClassLoaderLogManager
23-Feb-2019 15:03:39.332 信息 [main] org.apache.catalina.startup.VersionLoggerListener.log Command line argument: -Djdk.tls.ephemeralDHKeySize=2048
23-Feb-2019 15:03:39.332 信息 [main] org.apache.catalina.startup.VersionLoggerListener.log Command line argument: -Djava.protocol.handler.pkgs=org.apache.catalina.webresources
23-Feb-2019 15:03:39.333 信息 [main] org.apache.catalina.startup.VersionLoggerListener.log Command line argument: -Dcatalina.base=E:\github\Project\智慧校园\微官网\yunjianzan1\Tomcat8.5
23-Feb-2019 15:03:39.333 信息 [main] org.apache.catalina.startup.VersionLoggerListener.log Command line argument: -Dcatalina.home=E:\github\Project\智慧校园\微官网\yunjianzan1\Tomcat8.5
23-Feb-2019 15:03:39.334 信息 [main] org.apache.catalina.startup.VersionLoggerListener.log Command line argument: -Djava.io.tmpdir=E:\github\Project\智慧校园\微官网\yunjianzan1\Tomcat8.5\temp
23-Feb-2019 15:03:39.335 信息 [main] org.apache.catalina.core.AprLifecycleListener.lifecycleEvent The APR based Apache Tomcat Native library which allows optimal performance in production environments was not found on the java.library.path: E:\github\Project\智慧校园\微官网\yunjianzan1\jre\bin;C:\Windows\Sun\Java\bin;C:\Windows\system32;C:\Windows;C:\Program Files (x86)\Common Files\Oracle\Java\javapath;C:\Windows\system32;C:\Windows;C:\Windows\System32\Wbem;C:\Windows\System32\WindowsPowerShell\v1.0\;C:\Program Files (x86)\NVIDIA Corporation\PhysX\Common;C:\Program Files\NVIDIA Corporation\NVIDIA NvDLISR;D:\aznode\;D:\azwj\azgit\Git\cmd;D:\azwj\aztorgit\bin;C:\Program Files\MySQL\MySQL Server 5.1\bin;C:\Program Files\Java\jdk1.8.0_201\bin;C:\Program Files\Java\jdk1.8.0_201\jre\bin;D:\azmvn\apache-maven-3.3.9\bin;D:\azmvn\apache-maven-3.3.9\bin;%CATALINA_HOME%\lib;%CATALINA_HOME%\bin;D:\azgit\Git\cmd;D:\aztorgit\bin;C:\Users\Administrator\AppData\Local\Microsoft\WindowsApps;D:\azvscode\Microsoft VS Code\bin;C:\Users\Administrator\AppData\Roaming\npm;C:\Program Files\Java\jdk1.8.0_201\jre\bin;C:\Program Files\Java\jdk1.8.0_201\bin;D:\azmvn\apache-maven-3.3.9\bin;C:\Users\Administrator\AppData\Local\GitHubDesktop\bin;.
23-Feb-2019 15:03:39.417 信息 [main] org.apache.coyote.AbstractProtocol.init Initializing ProtocolHandler ["http-nio-80"]
23-Feb-2019 15:03:39.517 信息 [main] org.apache.tomcat.util.net.NioSelectorPool.getSharedSelector Using a shared selector for servlet write/read
23-Feb-2019 15:03:39.519 信息 [main] org.apache.coyote.AbstractProtocol.init Initializing ProtocolHandler ["ajp-nio-8009"]
23-Feb-2019 15:03:39.521 信息 [main] org.apache.tomcat.util.net.NioSelectorPool.getSharedSelector Using a shared selector for servlet write/read
23-Feb-2019 15:03:39.521 信息 [main] org.apache.catalina.startup.Catalina.load Initialization processed in 437 ms
23-Feb-2019 15:03:39.543 信息 [main] org.apache.catalina.core.StandardService.startInternal Starting service Catalina
23-Feb-2019 15:03:39.544 信息 [main] org.apache.catalina.core.StandardEngine.startInternal Starting Servlet Engine: Apache Tomcat/8.5.11
23-Feb-2019 15:03:39.552 信息 [localhost-startStop-1] org.apache.catalina.startup.HostConfig.deployDirectory Deploying web application directory E:\github\Project\智慧校园\微官网\yunjianzan1\Tomcat8.5\webapps\ROOT
23-Feb-2019 15:03:44.407 信息 [localhost-startStop-1] org.apache.jasper.servlet.TldScanner.scanJars At least one JAR was scanned for TLDs yet contained no TLDs. Enable debug logging for this logger for a complete list of JARs that were scanned but no TLDs were found in them. Skipping unneeded JARs during scanning can improve startup time and JSP compilation time.
23-Feb-2019 15:04:02.868 信息 [localhost-startStop-1] org.apache.catalina.startup.HostConfig.deployDirectory Deployment of web application directory E:\github\Project\智慧校园\微官网\yunjianzan1\Tomcat8.5\webapps\ROOT has finished in 23,315 ms
23-Feb-2019 15:04:02.870 信息 [main] org.apache.coyote.AbstractProtocol.start Starting ProtocolHandler [http-nio-80]
23-Feb-2019 15:04:02.877 信息 [main] org.apache.coyote.AbstractProtocol.start Starting ProtocolHandler [ajp-nio-8009]
23-Feb-2019 15:04:02.879 信息 [main] org.apache.catalina.startup.Catalina.start Server startup in 23356 ms
