20-Feb-2019 08:32:52.907 信息 [main] org.apache.catalina.startup.VersionLoggerListener.log Server version:        Apache Tomcat/8.5.11
20-Feb-2019 08:32:52.909 信息 [main] org.apache.catalina.startup.VersionLoggerListener.log Server built:          Jan 10 2017 21:02:52 UTC
20-Feb-2019 08:32:52.910 信息 [main] org.apache.catalina.startup.VersionLoggerListener.log Server number:         8.5.11.0
20-Feb-2019 08:32:52.910 信息 [main] org.apache.catalina.startup.VersionLoggerListener.log OS Name:               Windows 10
20-Feb-2019 08:32:52.911 信息 [main] org.apache.catalina.startup.VersionLoggerListener.log OS Version:            10.0
20-Feb-2019 08:32:52.911 信息 [main] org.apache.catalina.startup.VersionLoggerListener.log Architecture:          amd64
20-Feb-2019 08:32:52.911 信息 [main] org.apache.catalina.startup.VersionLoggerListener.log Java Home:             E:\Work\yunjianzan\jre
20-Feb-2019 08:32:52.911 信息 [main] org.apache.catalina.startup.VersionLoggerListener.log JVM Version:           1.8.0_131-b11
20-Feb-2019 08:32:52.911 信息 [main] org.apache.catalina.startup.VersionLoggerListener.log JVM Vendor:            Oracle Corporation
20-Feb-2019 08:32:52.911 信息 [main] org.apache.catalina.startup.VersionLoggerListener.log CATALINA_BASE:         E:\Work\yunjianzan\Tomcat8.5
20-Feb-2019 08:32:52.911 信息 [main] org.apache.catalina.startup.VersionLoggerListener.log CATALINA_HOME:         E:\Work\yunjianzan\Tomcat8.5
20-Feb-2019 08:32:52.912 信息 [main] org.apache.catalina.startup.VersionLoggerListener.log Command line argument: -Djava.util.logging.config.file=E:\Work\yunjianzan\Tomcat8.5\conf\logging.properties
20-Feb-2019 08:32:52.912 信息 [main] org.apache.catalina.startup.VersionLoggerListener.log Command line argument: -Djava.util.logging.manager=org.apache.juli.ClassLoaderLogManager
20-Feb-2019 08:32:52.912 信息 [main] org.apache.catalina.startup.VersionLoggerListener.log Command line argument: -Djdk.tls.ephemeralDHKeySize=2048
20-Feb-2019 08:32:52.912 信息 [main] org.apache.catalina.startup.VersionLoggerListener.log Command line argument: -Djava.protocol.handler.pkgs=org.apache.catalina.webresources
20-Feb-2019 08:32:52.912 信息 [main] org.apache.catalina.startup.VersionLoggerListener.log Command line argument: -Dcatalina.base=E:\Work\yunjianzan\Tomcat8.5
20-Feb-2019 08:32:52.912 信息 [main] org.apache.catalina.startup.VersionLoggerListener.log Command line argument: -Dcatalina.home=E:\Work\yunjianzan\Tomcat8.5
20-Feb-2019 08:32:52.914 信息 [main] org.apache.catalina.startup.VersionLoggerListener.log Command line argument: -Djava.io.tmpdir=E:\Work\yunjianzan\Tomcat8.5\temp
20-Feb-2019 08:32:52.914 信息 [main] org.apache.catalina.core.AprLifecycleListener.lifecycleEvent The APR based Apache Tomcat Native library which allows optimal performance in production environments was not found on the java.library.path: E:\Work\yunjianzan\jre\bin;C:\Windows\Sun\Java\bin;C:\Windows\system32;C:\Windows;C:\Program Files (x86)\Common Files\Oracle\Java\javapath;C:\Windows\system32;C:\Windows;C:\Windows\System32\Wbem;C:\Windows\System32\WindowsPowerShell\v1.0\;C:\Program Files (x86)\NVIDIA Corporation\PhysX\Common;C:\Program Files\NVIDIA Corporation\NVIDIA NvDLISR;D:\aznode\;D:\azwj\azgit\Git\cmd;D:\azwj\aztorgit\bin;C:\Program Files\MySQL\MySQL Server 5.1\bin;C:\Program Files\Java\jdk1.8.0_201\bin;C:\Program Files\Java\jdk1.8.0_201\jre\bin;D:\azmvn\apache-maven-3.3.9\bin;D:\azmvn\apache-maven-3.3.9\bin;%CATALINA_HOME%\lib;%CATALINA_HOME%\bin;D:\azgit\Git\cmd;D:\aztorgit\bin;C:\Users\Administrator\AppData\Local\Microsoft\WindowsApps;D:\azvscode\Microsoft VS Code\bin;C:\Users\Administrator\AppData\Roaming\npm;C:\Program Files\Java\jdk1.8.0_201\jre\bin;C:\Program Files\Java\jdk1.8.0_201\bin;D:\azmvn\apache-maven-3.3.9\bin;C:\Users\Administrator\AppData\Local\GitHubDesktop\bin;.
20-Feb-2019 08:32:52.982 信息 [main] org.apache.coyote.AbstractProtocol.init Initializing ProtocolHandler ["http-nio-80"]
20-Feb-2019 08:32:53.081 信息 [main] org.apache.tomcat.util.net.NioSelectorPool.getSharedSelector Using a shared selector for servlet write/read
20-Feb-2019 08:32:53.083 信息 [main] org.apache.coyote.AbstractProtocol.init Initializing ProtocolHandler ["ajp-nio-8009"]
20-Feb-2019 08:32:53.084 信息 [main] org.apache.tomcat.util.net.NioSelectorPool.getSharedSelector Using a shared selector for servlet write/read
20-Feb-2019 08:32:53.084 信息 [main] org.apache.catalina.startup.Catalina.load Initialization processed in 368 ms
20-Feb-2019 08:32:53.099 信息 [main] org.apache.catalina.core.StandardService.startInternal Starting service Catalina
20-Feb-2019 08:32:53.099 信息 [main] org.apache.catalina.core.StandardEngine.startInternal Starting Servlet Engine: Apache Tomcat/8.5.11
20-Feb-2019 08:32:53.155 信息 [localhost-startStop-1] org.apache.catalina.startup.HostConfig.deployDirectory Deploying web application directory E:\Work\yunjianzan\Tomcat8.5\webapps\ROOT
20-Feb-2019 08:33:24.029 信息 [localhost-startStop-1] org.apache.jasper.servlet.TldScanner.scanJars At least one JAR was scanned for TLDs yet contained no TLDs. Enable debug logging for this logger for a complete list of JARs that were scanned but no TLDs were found in them. Skipping unneeded JARs during scanning can improve startup time and JSP compilation time.
20-Feb-2019 08:34:11.199 信息 [localhost-startStop-1] org.apache.catalina.startup.HostConfig.deployDirectory Deployment of web application directory E:\Work\yunjianzan\Tomcat8.5\webapps\ROOT has finished in 78,043 ms
20-Feb-2019 08:34:11.203 信息 [main] org.apache.coyote.AbstractProtocol.start Starting ProtocolHandler [http-nio-80]
20-Feb-2019 08:34:11.208 信息 [main] org.apache.coyote.AbstractProtocol.start Starting ProtocolHandler [ajp-nio-8009]
20-Feb-2019 08:34:11.209 信息 [main] org.apache.catalina.startup.Catalina.start Server startup in 78124 ms
20-Feb-2019 12:35:35.575 信息 [main] org.apache.catalina.startup.VersionLoggerListener.log Server version:        Apache Tomcat/8.5.11
20-Feb-2019 12:35:35.578 信息 [main] org.apache.catalina.startup.VersionLoggerListener.log Server built:          Jan 10 2017 21:02:52 UTC
20-Feb-2019 12:35:35.578 信息 [main] org.apache.catalina.startup.VersionLoggerListener.log Server number:         8.5.11.0
20-Feb-2019 12:35:35.578 信息 [main] org.apache.catalina.startup.VersionLoggerListener.log OS Name:               Windows 10
20-Feb-2019 12:35:35.578 信息 [main] org.apache.catalina.startup.VersionLoggerListener.log OS Version:            10.0
20-Feb-2019 12:35:35.578 信息 [main] org.apache.catalina.startup.VersionLoggerListener.log Architecture:          amd64
20-Feb-2019 12:35:35.578 信息 [main] org.apache.catalina.startup.VersionLoggerListener.log Java Home:             E:\Work\yunjianzan\jre
20-Feb-2019 12:35:35.578 信息 [main] org.apache.catalina.startup.VersionLoggerListener.log JVM Version:           1.8.0_131-b11
20-Feb-2019 12:35:35.578 信息 [main] org.apache.catalina.startup.VersionLoggerListener.log JVM Vendor:            Oracle Corporation
20-Feb-2019 12:35:35.579 信息 [main] org.apache.catalina.startup.VersionLoggerListener.log CATALINA_BASE:         E:\Work\yunjianzan\Tomcat8.5
20-Feb-2019 12:35:35.579 信息 [main] org.apache.catalina.startup.VersionLoggerListener.log CATALINA_HOME:         E:\Work\yunjianzan\Tomcat8.5
20-Feb-2019 12:35:35.580 信息 [main] org.apache.catalina.startup.VersionLoggerListener.log Command line argument: -Djava.util.logging.config.file=E:\Work\yunjianzan\Tomcat8.5\conf\logging.properties
20-Feb-2019 12:35:35.580 信息 [main] org.apache.catalina.startup.VersionLoggerListener.log Command line argument: -Djava.util.logging.manager=org.apache.juli.ClassLoaderLogManager
20-Feb-2019 12:35:35.580 信息 [main] org.apache.catalina.startup.VersionLoggerListener.log Command line argument: -Djdk.tls.ephemeralDHKeySize=2048
20-Feb-2019 12:35:35.580 信息 [main] org.apache.catalina.startup.VersionLoggerListener.log Command line argument: -Djava.protocol.handler.pkgs=org.apache.catalina.webresources
20-Feb-2019 12:35:35.580 信息 [main] org.apache.catalina.startup.VersionLoggerListener.log Command line argument: -Dcatalina.base=E:\Work\yunjianzan\Tomcat8.5
20-Feb-2019 12:35:35.580 信息 [main] org.apache.catalina.startup.VersionLoggerListener.log Command line argument: -Dcatalina.home=E:\Work\yunjianzan\Tomcat8.5
20-Feb-2019 12:35:35.582 信息 [main] org.apache.catalina.startup.VersionLoggerListener.log Command line argument: -Djava.io.tmpdir=E:\Work\yunjianzan\Tomcat8.5\temp
20-Feb-2019 12:35:35.583 信息 [main] org.apache.catalina.core.AprLifecycleListener.lifecycleEvent The APR based Apache Tomcat Native library which allows optimal performance in production environments was not found on the java.library.path: E:\Work\yunjianzan\jre\bin;C:\Windows\Sun\Java\bin;C:\Windows\system32;C:\Windows;C:\Program Files (x86)\Common Files\Oracle\Java\javapath;C:\Windows\system32;C:\Windows;C:\Windows\System32\Wbem;C:\Windows\System32\WindowsPowerShell\v1.0\;C:\Program Files (x86)\NVIDIA Corporation\PhysX\Common;C:\Program Files\NVIDIA Corporation\NVIDIA NvDLISR;D:\aznode\;D:\azwj\azgit\Git\cmd;D:\azwj\aztorgit\bin;C:\Program Files\MySQL\MySQL Server 5.1\bin;C:\Program Files\Java\jdk1.8.0_201\bin;C:\Program Files\Java\jdk1.8.0_201\jre\bin;D:\azmvn\apache-maven-3.3.9\bin;D:\azmvn\apache-maven-3.3.9\bin;%CATALINA_HOME%\lib;%CATALINA_HOME%\bin;D:\azgit\Git\cmd;D:\aztorgit\bin;C:\Users\Administrator\AppData\Local\Microsoft\WindowsApps;D:\azvscode\Microsoft VS Code\bin;C:\Users\Administrator\AppData\Roaming\npm;C:\Program Files\Java\jdk1.8.0_201\jre\bin;C:\Program Files\Java\jdk1.8.0_201\bin;D:\azmvn\apache-maven-3.3.9\bin;C:\Users\Administrator\AppData\Local\GitHubDesktop\bin;.
20-Feb-2019 12:35:35.657 信息 [main] org.apache.coyote.AbstractProtocol.init Initializing ProtocolHandler ["http-nio-80"]
20-Feb-2019 12:35:35.771 信息 [main] org.apache.tomcat.util.net.NioSelectorPool.getSharedSelector Using a shared selector for servlet write/read
20-Feb-2019 12:35:35.771 信息 [main] org.apache.coyote.AbstractProtocol.init Initializing ProtocolHandler ["ajp-nio-8009"]
20-Feb-2019 12:35:35.778 信息 [main] org.apache.tomcat.util.net.NioSelectorPool.getSharedSelector Using a shared selector for servlet write/read
20-Feb-2019 12:35:35.778 信息 [main] org.apache.catalina.startup.Catalina.load Initialization processed in 408 ms
20-Feb-2019 12:35:35.793 信息 [main] org.apache.catalina.core.StandardService.startInternal Starting service Catalina
20-Feb-2019 12:35:35.793 信息 [main] org.apache.catalina.core.StandardEngine.startInternal Starting Servlet Engine: Apache Tomcat/8.5.11
20-Feb-2019 12:35:35.799 信息 [localhost-startStop-1] org.apache.catalina.startup.HostConfig.deployDirectory Deploying web application directory E:\Work\yunjianzan\Tomcat8.5\webapps\ROOT
20-Feb-2019 12:35:38.381 信息 [localhost-startStop-1] org.apache.jasper.servlet.TldScanner.scanJars At least one JAR was scanned for TLDs yet contained no TLDs. Enable debug logging for this logger for a complete list of JARs that were scanned but no TLDs were found in them. Skipping unneeded JARs during scanning can improve startup time and JSP compilation time.
20-Feb-2019 12:35:49.897 信息 [localhost-startStop-1] org.apache.catalina.startup.HostConfig.deployDirectory Deployment of web application directory E:\Work\yunjianzan\Tomcat8.5\webapps\ROOT has finished in 14,097 ms
20-Feb-2019 12:35:49.900 信息 [main] org.apache.coyote.AbstractProtocol.start Starting ProtocolHandler [http-nio-80]
20-Feb-2019 12:35:49.916 信息 [main] org.apache.coyote.AbstractProtocol.start Starting ProtocolHandler [ajp-nio-8009]
20-Feb-2019 12:35:49.926 信息 [main] org.apache.catalina.startup.Catalina.start Server startup in 14146 ms
