26-Feb-2019 15:34:16.354 信息 [main] org.apache.catalina.startup.VersionLoggerListener.log Server version:        Apache Tomcat/8.5.11
26-Feb-2019 15:34:16.355 信息 [main] org.apache.catalina.startup.VersionLoggerListener.log Server built:          Jan 10 2017 21:02:52 UTC
26-Feb-2019 15:34:16.355 信息 [main] org.apache.catalina.startup.VersionLoggerListener.log Server number:         8.5.11.0
26-Feb-2019 15:34:16.356 信息 [main] org.apache.catalina.startup.VersionLoggerListener.log OS Name:               Windows 10
26-Feb-2019 15:34:16.356 信息 [main] org.apache.catalina.startup.VersionLoggerListener.log OS Version:            10.0
26-Feb-2019 15:34:16.356 信息 [main] org.apache.catalina.startup.VersionLoggerListener.log Architecture:          amd64
26-Feb-2019 15:34:16.356 信息 [main] org.apache.catalina.startup.VersionLoggerListener.log Java Home:             E:\github\Project\智慧校园\微官网\yunjianzan\jre
26-Feb-2019 15:34:16.356 信息 [main] org.apache.catalina.startup.VersionLoggerListener.log JVM Version:           1.8.0_131-b11
26-Feb-2019 15:34:16.356 信息 [main] org.apache.catalina.startup.VersionLoggerListener.log JVM Vendor:            Oracle Corporation
26-Feb-2019 15:34:16.357 信息 [main] org.apache.catalina.startup.VersionLoggerListener.log CATALINA_BASE:         E:\github\Project\智慧校园\微官网\yunjianzan\Tomcat8.5
26-Feb-2019 15:34:16.357 信息 [main] org.apache.catalina.startup.VersionLoggerListener.log CATALINA_HOME:         E:\github\Project\智慧校园\微官网\yunjianzan\Tomcat8.5
26-Feb-2019 15:34:16.357 信息 [main] org.apache.catalina.startup.VersionLoggerListener.log Command line argument: -Djava.util.logging.config.file=E:\github\Project\智慧校园\微官网\yunjianzan\Tomcat8.5\conf\logging.properties
26-Feb-2019 15:34:16.357 信息 [main] org.apache.catalina.startup.VersionLoggerListener.log Command line argument: -Djava.util.logging.manager=org.apache.juli.ClassLoaderLogManager
26-Feb-2019 15:34:16.357 信息 [main] org.apache.catalina.startup.VersionLoggerListener.log Command line argument: -Djdk.tls.ephemeralDHKeySize=2048
26-Feb-2019 15:34:16.357 信息 [main] org.apache.catalina.startup.VersionLoggerListener.log Command line argument: -Djava.protocol.handler.pkgs=org.apache.catalina.webresources
26-Feb-2019 15:34:16.357 信息 [main] org.apache.catalina.startup.VersionLoggerListener.log Command line argument: -Dcatalina.base=E:\github\Project\智慧校园\微官网\yunjianzan\Tomcat8.5
26-Feb-2019 15:34:16.357 信息 [main] org.apache.catalina.startup.VersionLoggerListener.log Command line argument: -Dcatalina.home=E:\github\Project\智慧校园\微官网\yunjianzan\Tomcat8.5
26-Feb-2019 15:34:16.359 信息 [main] org.apache.catalina.startup.VersionLoggerListener.log Command line argument: -Djava.io.tmpdir=E:\github\Project\智慧校园\微官网\yunjianzan\Tomcat8.5\temp
26-Feb-2019 15:34:16.359 信息 [main] org.apache.catalina.core.AprLifecycleListener.lifecycleEvent The APR based Apache Tomcat Native library which allows optimal performance in production environments was not found on the java.library.path: E:\github\Project\智慧校园\微官网\yunjianzan\jre\bin;C:\Windows\Sun\Java\bin;C:\Windows\system32;C:\Windows;C:\Program Files (x86)\Common Files\Oracle\Java\javapath;C:\Windows\system32;C:\Windows;C:\Windows\System32\Wbem;C:\Windows\System32\WindowsPowerShell\v1.0\;C:\Program Files (x86)\NVIDIA Corporation\PhysX\Common;C:\Program Files\NVIDIA Corporation\NVIDIA NvDLISR;D:\aznode\;D:\azwj\azgit\Git\cmd;D:\azwj\aztorgit\bin;C:\Program Files\MySQL\MySQL Server 5.1\bin;C:\Program Files\Java\jdk1.8.0_201\bin;C:\Program Files\Java\jdk1.8.0_201\jre\bin;D:\azmvn\apache-maven-3.3.9\bin;D:\azmvn\apache-maven-3.3.9\bin;%CATALINA_HOME%\lib;%CATALINA_HOME%\bin;D:\azgit\Git\cmd;D:\aztorgit\bin;C:\Users\Administrator\AppData\Local\Microsoft\WindowsApps;D:\azvscode\Microsoft VS Code\bin;C:\Users\Administrator\AppData\Roaming\npm;C:\Program Files\Java\jdk1.8.0_201\jre\bin;C:\Program Files\Java\jdk1.8.0_201\bin;D:\azmvn\apache-maven-3.3.9\bin;C:\Users\Administrator\AppData\Local\GitHubDesktop\bin;.
26-Feb-2019 15:34:16.432 信息 [main] org.apache.coyote.AbstractProtocol.init Initializing ProtocolHandler ["http-nio-80"]
26-Feb-2019 15:34:16.527 信息 [main] org.apache.tomcat.util.net.NioSelectorPool.getSharedSelector Using a shared selector for servlet write/read
26-Feb-2019 15:34:16.529 信息 [main] org.apache.coyote.AbstractProtocol.init Initializing ProtocolHandler ["ajp-nio-8009"]
26-Feb-2019 15:34:16.530 信息 [main] org.apache.tomcat.util.net.NioSelectorPool.getSharedSelector Using a shared selector for servlet write/read
26-Feb-2019 15:34:16.531 信息 [main] org.apache.catalina.startup.Catalina.load Initialization processed in 626 ms
26-Feb-2019 15:34:16.546 信息 [main] org.apache.catalina.core.StandardService.startInternal Starting service Catalina
26-Feb-2019 15:34:16.546 信息 [main] org.apache.catalina.core.StandardEngine.startInternal Starting Servlet Engine: Apache Tomcat/8.5.11
26-Feb-2019 15:34:16.552 信息 [localhost-startStop-1] org.apache.catalina.startup.HostConfig.deployDirectory Deploying web application directory E:\github\Project\智慧校园\微官网\yunjianzan\Tomcat8.5\webapps\ROOT
26-Feb-2019 15:34:21.243 信息 [localhost-startStop-1] org.apache.jasper.servlet.TldScanner.scanJars At least one JAR was scanned for TLDs yet contained no TLDs. Enable debug logging for this logger for a complete list of JARs that were scanned but no TLDs were found in them. Skipping unneeded JARs during scanning can improve startup time and JSP compilation time.
26-Feb-2019 15:34:34.696 信息 [localhost-startStop-1] org.apache.catalina.startup.HostConfig.deployDirectory Deployment of web application directory E:\github\Project\智慧校园\微官网\yunjianzan\Tomcat8.5\webapps\ROOT has finished in 18,142 ms
26-Feb-2019 15:34:34.697 信息 [main] org.apache.coyote.AbstractProtocol.start Starting ProtocolHandler [http-nio-80]
26-Feb-2019 15:34:34.721 信息 [main] org.apache.coyote.AbstractProtocol.start Starting ProtocolHandler [ajp-nio-8009]
26-Feb-2019 15:34:34.722 信息 [main] org.apache.catalina.startup.Catalina.start Server startup in 18189 ms
26-Feb-2019 15:51:51.071 信息 [main] org.apache.catalina.startup.VersionLoggerListener.log Server version:        Apache Tomcat/8.5.11
26-Feb-2019 15:51:51.071 信息 [main] org.apache.catalina.startup.VersionLoggerListener.log Server built:          Jan 10 2017 21:02:52 UTC
26-Feb-2019 15:51:51.071 信息 [main] org.apache.catalina.startup.VersionLoggerListener.log Server number:         8.5.11.0
26-Feb-2019 15:51:51.071 信息 [main] org.apache.catalina.startup.VersionLoggerListener.log OS Name:               Windows 10
26-Feb-2019 15:51:51.071 信息 [main] org.apache.catalina.startup.VersionLoggerListener.log OS Version:            10.0
26-Feb-2019 15:51:51.071 信息 [main] org.apache.catalina.startup.VersionLoggerListener.log Architecture:          amd64
26-Feb-2019 15:51:51.071 信息 [main] org.apache.catalina.startup.VersionLoggerListener.log Java Home:             E:\github\Project\智慧校园\微官网\yunjianzan\jre
26-Feb-2019 15:51:51.071 信息 [main] org.apache.catalina.startup.VersionLoggerListener.log JVM Version:           1.8.0_131-b11
26-Feb-2019 15:51:51.071 信息 [main] org.apache.catalina.startup.VersionLoggerListener.log JVM Vendor:            Oracle Corporation
26-Feb-2019 15:51:51.071 信息 [main] org.apache.catalina.startup.VersionLoggerListener.log CATALINA_BASE:         E:\github\Project\智慧校园\微官网\yunjianzan\Tomcat8.5
26-Feb-2019 15:51:51.071 信息 [main] org.apache.catalina.startup.VersionLoggerListener.log CATALINA_HOME:         E:\github\Project\智慧校园\微官网\yunjianzan\Tomcat8.5
26-Feb-2019 15:51:51.071 信息 [main] org.apache.catalina.startup.VersionLoggerListener.log Command line argument: -Djava.util.logging.config.file=E:\github\Project\智慧校园\微官网\yunjianzan\Tomcat8.5\conf\logging.properties
26-Feb-2019 15:51:51.071 信息 [main] org.apache.catalina.startup.VersionLoggerListener.log Command line argument: -Djava.util.logging.manager=org.apache.juli.ClassLoaderLogManager
26-Feb-2019 15:51:51.071 信息 [main] org.apache.catalina.startup.VersionLoggerListener.log Command line argument: -Djdk.tls.ephemeralDHKeySize=2048
26-Feb-2019 15:51:51.071 信息 [main] org.apache.catalina.startup.VersionLoggerListener.log Command line argument: -Djava.protocol.handler.pkgs=org.apache.catalina.webresources
26-Feb-2019 15:51:51.071 信息 [main] org.apache.catalina.startup.VersionLoggerListener.log Command line argument: -Dcatalina.base=E:\github\Project\智慧校园\微官网\yunjianzan\Tomcat8.5
26-Feb-2019 15:51:51.071 信息 [main] org.apache.catalina.startup.VersionLoggerListener.log Command line argument: -Dcatalina.home=E:\github\Project\智慧校园\微官网\yunjianzan\Tomcat8.5
26-Feb-2019 15:51:51.071 信息 [main] org.apache.catalina.startup.VersionLoggerListener.log Command line argument: -Djava.io.tmpdir=E:\github\Project\智慧校园\微官网\yunjianzan\Tomcat8.5\temp
26-Feb-2019 15:51:51.081 信息 [main] org.apache.catalina.core.AprLifecycleListener.lifecycleEvent The APR based Apache Tomcat Native library which allows optimal performance in production environments was not found on the java.library.path: E:\github\Project\智慧校园\微官网\yunjianzan\jre\bin;C:\Windows\Sun\Java\bin;C:\Windows\system32;C:\Windows;C:\Program Files (x86)\Common Files\Oracle\Java\javapath;C:\Windows\system32;C:\Windows;C:\Windows\System32\Wbem;C:\Windows\System32\WindowsPowerShell\v1.0\;C:\Program Files (x86)\NVIDIA Corporation\PhysX\Common;C:\Program Files\NVIDIA Corporation\NVIDIA NvDLISR;D:\aznode\;D:\azwj\azgit\Git\cmd;D:\azwj\aztorgit\bin;C:\Program Files\MySQL\MySQL Server 5.1\bin;C:\Program Files\Java\jdk1.8.0_201\bin;C:\Program Files\Java\jdk1.8.0_201\jre\bin;D:\azmvn\apache-maven-3.3.9\bin;D:\azmvn\apache-maven-3.3.9\bin;%CATALINA_HOME%\lib;%CATALINA_HOME%\bin;D:\azgit\Git\cmd;D:\aztorgit\bin;C:\Users\Administrator\AppData\Local\Microsoft\WindowsApps;D:\azvscode\Microsoft VS Code\bin;C:\Users\Administrator\AppData\Roaming\npm;C:\Program Files\Java\jdk1.8.0_201\jre\bin;C:\Program Files\Java\jdk1.8.0_201\bin;D:\azmvn\apache-maven-3.3.9\bin;C:\Users\Administrator\AppData\Local\GitHubDesktop\bin;.
26-Feb-2019 15:51:51.142 信息 [main] org.apache.coyote.AbstractProtocol.init Initializing ProtocolHandler ["http-nio-80"]
26-Feb-2019 15:51:51.242 信息 [main] org.apache.tomcat.util.net.NioSelectorPool.getSharedSelector Using a shared selector for servlet write/read
26-Feb-2019 15:51:51.242 信息 [main] org.apache.coyote.AbstractProtocol.init Initializing ProtocolHandler ["ajp-nio-8009"]
26-Feb-2019 15:51:51.242 信息 [main] org.apache.tomcat.util.net.NioSelectorPool.getSharedSelector Using a shared selector for servlet write/read
26-Feb-2019 15:51:51.242 信息 [main] org.apache.catalina.startup.Catalina.load Initialization processed in 368 ms
26-Feb-2019 15:51:51.252 信息 [main] org.apache.catalina.core.StandardService.startInternal Starting service Catalina
26-Feb-2019 15:51:51.252 信息 [main] org.apache.catalina.core.StandardEngine.startInternal Starting Servlet Engine: Apache Tomcat/8.5.11
26-Feb-2019 15:51:51.262 信息 [localhost-startStop-1] org.apache.catalina.startup.HostConfig.deployDirectory Deploying web application directory E:\github\Project\智慧校园\微官网\yunjianzan\Tomcat8.5\webapps\ROOT
26-Feb-2019 15:51:53.842 信息 [localhost-startStop-1] org.apache.jasper.servlet.TldScanner.scanJars At least one JAR was scanned for TLDs yet contained no TLDs. Enable debug logging for this logger for a complete list of JARs that were scanned but no TLDs were found in them. Skipping unneeded JARs during scanning can improve startup time and JSP compilation time.
26-Feb-2019 15:52:04.646 信息 [localhost-startStop-1] org.apache.catalina.startup.HostConfig.deployDirectory Deployment of web application directory E:\github\Project\智慧校园\微官网\yunjianzan\Tomcat8.5\webapps\ROOT has finished in 13,383 ms
26-Feb-2019 15:52:04.656 信息 [main] org.apache.coyote.AbstractProtocol.start Starting ProtocolHandler [http-nio-80]
26-Feb-2019 15:52:04.660 信息 [main] org.apache.coyote.AbstractProtocol.start Starting ProtocolHandler [ajp-nio-8009]
26-Feb-2019 15:52:04.662 信息 [main] org.apache.catalina.startup.Catalina.start Server startup in 13414 ms
