20-Feb-2019 19:05:01.567 信息 [main] org.apache.catalina.startup.VersionLoggerListener.log Server version:        Apache Tomcat/8.5.11
20-Feb-2019 19:05:01.704 信息 [main] org.apache.catalina.startup.VersionLoggerListener.log Server built:          Jan 10 2017 21:02:52 UTC
20-Feb-2019 19:05:01.726 信息 [main] org.apache.catalina.startup.VersionLoggerListener.log Server number:         8.5.11.0
20-Feb-2019 19:05:01.727 信息 [main] org.apache.catalina.startup.VersionLoggerListener.log OS Name:               Windows 10
20-Feb-2019 19:05:01.728 信息 [main] org.apache.catalina.startup.VersionLoggerListener.log OS Version:            10.0
20-Feb-2019 19:05:01.729 信息 [main] org.apache.catalina.startup.VersionLoggerListener.log Architecture:          amd64
20-Feb-2019 19:05:01.729 信息 [main] org.apache.catalina.startup.VersionLoggerListener.log Java Home:             I:\yunjianzan\jre
20-Feb-2019 19:05:01.730 信息 [main] org.apache.catalina.startup.VersionLoggerListener.log JVM Version:           1.8.0_131-b11
20-Feb-2019 19:05:01.731 信息 [main] org.apache.catalina.startup.VersionLoggerListener.log JVM Vendor:            Oracle Corporation
20-Feb-2019 19:05:01.735 信息 [main] org.apache.catalina.startup.VersionLoggerListener.log CATALINA_BASE:         I:\yunjianzan\Tomcat8.5
20-Feb-2019 19:05:01.745 信息 [main] org.apache.catalina.startup.VersionLoggerListener.log CATALINA_HOME:         I:\yunjianzan\Tomcat8.5
20-Feb-2019 19:05:01.760 信息 [main] org.apache.catalina.startup.VersionLoggerListener.log Command line argument: -Djava.util.logging.config.file=I:\yunjianzan\Tomcat8.5\conf\logging.properties
20-Feb-2019 19:05:01.760 信息 [main] org.apache.catalina.startup.VersionLoggerListener.log Command line argument: -Djava.util.logging.manager=org.apache.juli.ClassLoaderLogManager
20-Feb-2019 19:05:01.761 信息 [main] org.apache.catalina.startup.VersionLoggerListener.log Command line argument: -Djdk.tls.ephemeralDHKeySize=2048
20-Feb-2019 19:05:01.762 信息 [main] org.apache.catalina.startup.VersionLoggerListener.log Command line argument: -Djava.protocol.handler.pkgs=org.apache.catalina.webresources
20-Feb-2019 19:05:01.765 信息 [main] org.apache.catalina.startup.VersionLoggerListener.log Command line argument: -Dcatalina.base=I:\yunjianzan\Tomcat8.5
20-Feb-2019 19:05:01.768 信息 [main] org.apache.catalina.startup.VersionLoggerListener.log Command line argument: -Dcatalina.home=I:\yunjianzan\Tomcat8.5
20-Feb-2019 19:05:01.770 信息 [main] org.apache.catalina.startup.VersionLoggerListener.log Command line argument: -Djava.io.tmpdir=I:\yunjianzan\Tomcat8.5\temp
20-Feb-2019 19:05:01.772 信息 [main] org.apache.catalina.core.AprLifecycleListener.lifecycleEvent The APR based Apache Tomcat Native library which allows optimal performance in production environments was not found on the java.library.path: I:\yunjianzan\jre\bin;C:\windows\Sun\Java\bin;C:\windows\system32;C:\windows;C:\windows\system32;C:\windows;C:\windows\System32\Wbem;C:\windows\System32\WindowsPowerShell\v1.0\;C:\windows\System32\OpenSSH\;E:\azwj\TortoiseGit\bin;E:\azwj\Git\cmd;E:\azwj\nodejs\;C:\Program Files (x86)\Java\jdk1.8.0_102\bin;C:\Program Files (x86)\Java\jdk1.8.0_102\jre\bin;E:\apache-maven-3.3.9\bin;C:\Users\10716\AppData\Local\Microsoft\WindowsApps;D:\Microsoft VS Code\bin;E:\azwj\Microsoft VS Code\bin;C:\Users\10716\AppData\Roaming\npm;C:\Program Files (x86)\Java\jdk1.8.0_102\bin;C:\Program Files (x86)\Java\jdk1.8.0_102\jre\bin;";C:\windows\system32;C:\windows;C:\windows\System32\Wbem;";;.
20-Feb-2019 19:05:03.414 信息 [main] org.apache.coyote.AbstractProtocol.init Initializing ProtocolHandler ["http-nio-80"]
20-Feb-2019 19:05:03.635 严重 [main] org.apache.coyote.AbstractProtocol.init Failed to initialize end point associated with ProtocolHandler ["http-nio-80"]
 java.net.BindException: Address already in use: bind
	at sun.nio.ch.Net.bind0(Native Method)
	at sun.nio.ch.Net.bind(Unknown Source)
	at sun.nio.ch.Net.bind(Unknown Source)
	at sun.nio.ch.ServerSocketChannelImpl.bind(Unknown Source)
	at sun.nio.ch.ServerSocketAdaptor.bind(Unknown Source)
	at org.apache.tomcat.util.net.NioEndpoint.bind(NioEndpoint.java:210)
	at org.apache.tomcat.util.net.AbstractEndpoint.init(AbstractEndpoint.java:972)
	at org.apache.tomcat.util.net.AbstractJsseEndpoint.init(AbstractJsseEndpoint.java:237)
	at org.apache.coyote.AbstractProtocol.init(AbstractProtocol.java:558)
	at org.apache.coyote.http11.AbstractHttp11Protocol.init(AbstractHttp11Protocol.java:65)
	at org.apache.catalina.connector.Connector.initInternal(Connector.java:968)
	at org.apache.catalina.util.LifecycleBase.init(LifecycleBase.java:107)
	at org.apache.catalina.core.StandardService.initInternal(StandardService.java:549)
	at org.apache.catalina.util.LifecycleBase.init(LifecycleBase.java:107)
	at org.apache.catalina.core.StandardServer.initInternal(StandardServer.java:875)
	at org.apache.catalina.util.LifecycleBase.init(LifecycleBase.java:107)
	at org.apache.catalina.startup.Catalina.load(Catalina.java:606)
	at org.apache.catalina.startup.Catalina.load(Catalina.java:629)
	at sun.reflect.NativeMethodAccessorImpl.invoke0(Native Method)
	at sun.reflect.NativeMethodAccessorImpl.invoke(Unknown Source)
	at sun.reflect.DelegatingMethodAccessorImpl.invoke(Unknown Source)
	at java.lang.reflect.Method.invoke(Unknown Source)
	at org.apache.catalina.startup.Bootstrap.load(Bootstrap.java:311)
	at org.apache.catalina.startup.Bootstrap.main(Bootstrap.java:494)

20-Feb-2019 19:05:03.653 严重 [main] org.apache.catalina.core.StandardService.initInternal Failed to initialize connector [Connector[HTTP/1.1-80]]
 org.apache.catalina.LifecycleException: Failed to initialize component [Connector[HTTP/1.1-80]]
	at org.apache.catalina.util.LifecycleBase.init(LifecycleBase.java:112)
	at org.apache.catalina.core.StandardService.initInternal(StandardService.java:549)
	at org.apache.catalina.util.LifecycleBase.init(LifecycleBase.java:107)
	at org.apache.catalina.core.StandardServer.initInternal(StandardServer.java:875)
	at org.apache.catalina.util.LifecycleBase.init(LifecycleBase.java:107)
	at org.apache.catalina.startup.Catalina.load(Catalina.java:606)
	at org.apache.catalina.startup.Catalina.load(Catalina.java:629)
	at sun.reflect.NativeMethodAccessorImpl.invoke0(Native Method)
	at sun.reflect.NativeMethodAccessorImpl.invoke(Unknown Source)
	at sun.reflect.DelegatingMethodAccessorImpl.invoke(Unknown Source)
	at java.lang.reflect.Method.invoke(Unknown Source)
	at org.apache.catalina.startup.Bootstrap.load(Bootstrap.java:311)
	at org.apache.catalina.startup.Bootstrap.main(Bootstrap.java:494)
Caused by: org.apache.catalina.LifecycleException: Protocol handler initialization failed
	at org.apache.catalina.connector.Connector.initInternal(Connector.java:970)
	at org.apache.catalina.util.LifecycleBase.init(LifecycleBase.java:107)
	... 12 more
Caused by: java.net.BindException: Address already in use: bind
	at sun.nio.ch.Net.bind0(Native Method)
	at sun.nio.ch.Net.bind(Unknown Source)
	at sun.nio.ch.Net.bind(Unknown Source)
	at sun.nio.ch.ServerSocketChannelImpl.bind(Unknown Source)
	at sun.nio.ch.ServerSocketAdaptor.bind(Unknown Source)
	at org.apache.tomcat.util.net.NioEndpoint.bind(NioEndpoint.java:210)
	at org.apache.tomcat.util.net.AbstractEndpoint.init(AbstractEndpoint.java:972)
	at org.apache.tomcat.util.net.AbstractJsseEndpoint.init(AbstractJsseEndpoint.java:237)
	at org.apache.coyote.AbstractProtocol.init(AbstractProtocol.java:558)
	at org.apache.coyote.http11.AbstractHttp11Protocol.init(AbstractHttp11Protocol.java:65)
	at org.apache.catalina.connector.Connector.initInternal(Connector.java:968)
	... 13 more

20-Feb-2019 19:05:03.677 信息 [main] org.apache.coyote.AbstractProtocol.init Initializing ProtocolHandler ["ajp-nio-8009"]
20-Feb-2019 19:05:06.351 信息 [main] org.apache.tomcat.util.net.NioSelectorPool.getSharedSelector Using a shared selector for servlet write/read
20-Feb-2019 19:05:06.374 信息 [main] org.apache.catalina.startup.Catalina.load Initialization processed in 8564 ms
20-Feb-2019 19:05:06.627 信息 [main] org.apache.catalina.core.StandardService.startInternal Starting service Catalina
20-Feb-2019 19:05:06.629 信息 [main] org.apache.catalina.core.StandardEngine.startInternal Starting Servlet Engine: Apache Tomcat/8.5.11
20-Feb-2019 19:05:06.706 信息 [localhost-startStop-1] org.apache.catalina.startup.HostConfig.deployDirectory Deploying web application directory I:\yunjianzan\Tomcat8.5\webapps\ROOT
20-Feb-2019 19:05:51.310 信息 [localhost-startStop-1] org.apache.jasper.servlet.TldScanner.scanJars At least one JAR was scanned for TLDs yet contained no TLDs. Enable debug logging for this logger for a complete list of JARs that were scanned but no TLDs were found in them. Skipping unneeded JARs during scanning can improve startup time and JSP compilation time.
20-Feb-2019 19:08:25.004 信息 [localhost-startStop-1] org.apache.catalina.startup.HostConfig.deployDirectory Deployment of web application directory I:\yunjianzan\Tomcat8.5\webapps\ROOT has finished in 198,295 ms
20-Feb-2019 19:08:25.032 信息 [main] org.apache.coyote.AbstractProtocol.start Starting ProtocolHandler [ajp-nio-8009]
20-Feb-2019 19:08:25.067 信息 [main] org.apache.catalina.startup.Catalina.start Server startup in 198691 ms
20-Feb-2019 19:11:38.600 信息 [main] org.apache.catalina.startup.VersionLoggerListener.log Server version:        Apache Tomcat/8.5.11
20-Feb-2019 19:11:38.621 信息 [main] org.apache.catalina.startup.VersionLoggerListener.log Server built:          Jan 10 2017 21:02:52 UTC
20-Feb-2019 19:11:38.622 信息 [main] org.apache.catalina.startup.VersionLoggerListener.log Server number:         8.5.11.0
20-Feb-2019 19:11:38.623 信息 [main] org.apache.catalina.startup.VersionLoggerListener.log OS Name:               Windows 10
20-Feb-2019 19:11:38.623 信息 [main] org.apache.catalina.startup.VersionLoggerListener.log OS Version:            10.0
20-Feb-2019 19:11:38.624 信息 [main] org.apache.catalina.startup.VersionLoggerListener.log Architecture:          amd64
20-Feb-2019 19:11:38.625 信息 [main] org.apache.catalina.startup.VersionLoggerListener.log Java Home:             I:\yunjianzan\jre
20-Feb-2019 19:11:38.626 信息 [main] org.apache.catalina.startup.VersionLoggerListener.log JVM Version:           1.8.0_131-b11
20-Feb-2019 19:11:38.628 信息 [main] org.apache.catalina.startup.VersionLoggerListener.log JVM Vendor:            Oracle Corporation
20-Feb-2019 19:11:38.634 信息 [main] org.apache.catalina.startup.VersionLoggerListener.log CATALINA_BASE:         I:\yunjianzan\Tomcat8.5
20-Feb-2019 19:11:38.636 信息 [main] org.apache.catalina.startup.VersionLoggerListener.log CATALINA_HOME:         I:\yunjianzan\Tomcat8.5
20-Feb-2019 19:11:38.648 信息 [main] org.apache.catalina.startup.VersionLoggerListener.log Command line argument: -Djava.util.logging.config.file=I:\yunjianzan\Tomcat8.5\conf\logging.properties
20-Feb-2019 19:11:38.649 信息 [main] org.apache.catalina.startup.VersionLoggerListener.log Command line argument: -Djava.util.logging.manager=org.apache.juli.ClassLoaderLogManager
20-Feb-2019 19:11:38.651 信息 [main] org.apache.catalina.startup.VersionLoggerListener.log Command line argument: -Djdk.tls.ephemeralDHKeySize=2048
20-Feb-2019 19:11:38.653 信息 [main] org.apache.catalina.startup.VersionLoggerListener.log Command line argument: -Djava.protocol.handler.pkgs=org.apache.catalina.webresources
20-Feb-2019 19:11:38.654 信息 [main] org.apache.catalina.startup.VersionLoggerListener.log Command line argument: -Dcatalina.base=I:\yunjianzan\Tomcat8.5
20-Feb-2019 19:11:38.656 信息 [main] org.apache.catalina.startup.VersionLoggerListener.log Command line argument: -Dcatalina.home=I:\yunjianzan\Tomcat8.5
20-Feb-2019 19:11:38.657 信息 [main] org.apache.catalina.startup.VersionLoggerListener.log Command line argument: -Djava.io.tmpdir=I:\yunjianzan\Tomcat8.5\temp
20-Feb-2019 19:11:38.659 信息 [main] org.apache.catalina.core.AprLifecycleListener.lifecycleEvent The APR based Apache Tomcat Native library which allows optimal performance in production environments was not found on the java.library.path: I:\yunjianzan\jre\bin;C:\windows\Sun\Java\bin;C:\windows\system32;C:\windows;C:\windows\system32;C:\windows;C:\windows\System32\Wbem;C:\windows\System32\WindowsPowerShell\v1.0\;C:\windows\System32\OpenSSH\;E:\azwj\TortoiseGit\bin;E:\azwj\Git\cmd;E:\azwj\nodejs\;C:\Program Files (x86)\Java\jdk1.8.0_102\bin;C:\Program Files (x86)\Java\jdk1.8.0_102\jre\bin;E:\apache-maven-3.3.9\bin;C:\Users\10716\AppData\Local\Microsoft\WindowsApps;D:\Microsoft VS Code\bin;E:\azwj\Microsoft VS Code\bin;C:\Users\10716\AppData\Roaming\npm;C:\Program Files (x86)\Java\jdk1.8.0_102\bin;C:\Program Files (x86)\Java\jdk1.8.0_102\jre\bin;";C:\windows\system32;C:\windows;C:\windows\System32\Wbem;";;.
20-Feb-2019 19:11:39.647 信息 [main] org.apache.coyote.AbstractProtocol.init Initializing ProtocolHandler ["http-nio-80"]
20-Feb-2019 19:11:41.588 信息 [main] org.apache.tomcat.util.net.NioSelectorPool.getSharedSelector Using a shared selector for servlet write/read
20-Feb-2019 19:11:41.602 信息 [main] org.apache.coyote.AbstractProtocol.init Initializing ProtocolHandler ["ajp-nio-8009"]
20-Feb-2019 19:11:41.616 信息 [main] org.apache.tomcat.util.net.NioSelectorPool.getSharedSelector Using a shared selector for servlet write/read
20-Feb-2019 19:11:41.618 信息 [main] org.apache.catalina.startup.Catalina.load Initialization processed in 6159 ms
20-Feb-2019 19:11:41.781 信息 [main] org.apache.catalina.core.StandardService.startInternal Starting service Catalina
20-Feb-2019 19:11:41.788 信息 [main] org.apache.catalina.core.StandardEngine.startInternal Starting Servlet Engine: Apache Tomcat/8.5.11
20-Feb-2019 19:11:41.837 信息 [localhost-startStop-1] org.apache.catalina.startup.HostConfig.deployDirectory Deploying web application directory I:\yunjianzan\Tomcat8.5\webapps\ROOT
20-Feb-2019 19:12:11.571 信息 [localhost-startStop-1] org.apache.jasper.servlet.TldScanner.scanJars At least one JAR was scanned for TLDs yet contained no TLDs. Enable debug logging for this logger for a complete list of JARs that were scanned but no TLDs were found in them. Skipping unneeded JARs during scanning can improve startup time and JSP compilation time.
20-Feb-2019 19:14:30.979 信息 [localhost-startStop-1] org.apache.catalina.startup.HostConfig.deployDirectory Deployment of web application directory I:\yunjianzan\Tomcat8.5\webapps\ROOT has finished in 169,138 ms
20-Feb-2019 19:14:30.993 信息 [main] org.apache.coyote.AbstractProtocol.start Starting ProtocolHandler [http-nio-80]
20-Feb-2019 19:14:31.030 信息 [main] org.apache.coyote.AbstractProtocol.start Starting ProtocolHandler [ajp-nio-8009]
20-Feb-2019 19:14:31.050 信息 [main] org.apache.catalina.startup.Catalina.start Server startup in 169431 ms
